[2025-09-24 15:06:57] === SitSmartCoach starting ===
[2025-09-24 15:06:59] mediapipe imported from: C:\Users\VICTUS\AppData\Local\Temp\_MEI177562\mediapipe
[2025-09-24 15:07:00] Pose model created.
[2025-09-24 15:07:06] Worker stopped.
[2025-09-24 15:07:06] UI closed. Goodbye.
[2025-09-24 15:07:26] === SitSmartCoach starting ===
[2025-09-24 15:07:27] mediapipe imported from: C:\Users\VICTUS\AppData\Local\Temp\_MEI262602\mediapipe
[2025-09-24 15:07:28] Pose model created.
[2025-09-24 15:07:35] Worker stopped.
[2025-09-24 15:07:35] UI closed. Goodbye.
[2025-09-24 15:07:58] === SitSmartCoach starting ===
[2025-09-24 15:07:59] mediapipe imported from: C:\Users\VICTUS\AppData\Local\Temp\_MEI236522\mediapipe
[2025-09-24 15:08:00] Pose model created.
[2025-09-24 15:08:06] Worker stopped.
[2025-09-24 15:08:06] UI closed. Goodbye.
[2025-09-24 15:08:14] === SitSmartCoach starting ===
[2025-09-24 15:08:16] mediapipe imported from: C:\Users\VICTUS\AppData\Local\Temp\_MEI131082\mediapipe
[2025-09-24 15:08:17] Pose model created.
[2025-09-24 15:09:22] Worker stopped.
[2025-09-24 15:09:22] UI closed. Goodbye.
